<?xml version="1.0" encoding="UTF-8"?>
<!-- Generated by org.testng.reporters.JUnitXMLReporter -->
<testsuite hostname="DESKTOP-AACNGDD" ignored="0" name="Test" tests="7" failures="0" timestamp="19 Jun 2020 06:18:27 GMT" time="96.823" errors="0">
  <testcase name="samplemethod" time="0.006" classname="com.testcases.Setupclass"/>
  <testcase name="testflow" time="13.481" classname="com.testcases.Testcase1"/>
  <testcase name="testFlightdetailsflow" time="21.029" classname="com.testcases.Testcase2"/>
  <testcase name="testPassengersClass" time="0.854" classname="com.testcases.Testcase3"/>
  <testcase name="testCardType" time="16.275" classname="com.testcases.Testcase4"/>
  <testcase name="testBillingadress" time="9.384" classname="com.testcases.Testcase5"/>
  <testcase name="deliveryclass" time="16.293" classname="com.testcases.Testcase6"/>
</testsuite> <!-- Test -->
